<?xml version="1.0" encoding="UTF-8"?>
<testng-results ignored="0" total="1" passed="1" failed="0" skipped="0">
  <reporter-output>
  </reporter-output>
  <suite started-at="2024-02-22T14:43:26 IST" name="Default suite" finished-at="2024-02-22T14:43:34 IST" duration-ms="7875">
    <groups>
    </groups>
    <test started-at="2024-02-22T14:43:26 IST" name="Default test" finished-at="2024-02-22T14:43:34 IST" duration-ms="7875">
      <class name="practice.Login">
        <test-method signature="login()[pri:0, instance:practice.Login@60099951]" started-at="2024-02-22T14:43:26 IST" name="login" finished-at="2024-02-22T14:43:34 IST" duration-ms="7822" status="PASS">
          <reporter-output>
          </reporter-output>
        </test-method> <!-- login -->
      </class> <!-- practice.Login -->
    </test> <!-- Default test -->
  </suite> <!-- Default suite -->
</testng-results>
